2025-10-20 18:00:43 [main] INFO  BadgeVerifier - Inizio verifica badge
2025-10-20 18:00:43 [main] INFO  BadgeVerifier - Hash calcolato localmente: 0xc1a706f6d03f3c3e39baacdde329117577434166bc48150789e9b3b01947f943
2025-10-20 18:00:44 [main] INFO  BadgeVerifier - Connesso alla rete: Sepolia (public node)
2025-10-20 18:00:44 [main] INFO  BadgeVerifier - Dato on-chain: 0xc1a706f6d03f3c3e39baacdde329117577434166bc48150789e9b3b01947f943
2025-10-20 18:00:44 [main] INFO  BadgeVerifier - Il badge è valido! Il file corrisponde alla registrazione on-chain.
2025-10-20 18:00:44 [main] INFO  BadgeVerifier - Attesa input utente per email da verificare
2025-10-20 18:01:04 [main] INFO  BadgeVerifier - Hash email calcolato: 8f4589acf1afd96098985d32b78a6c1eae5ef15bb8d2bc32e6c490cd5c7c2dcd
2025-10-20 18:01:04 [main] INFO  BadgeVerifier - Hash atteso dal badge: 8f4589acf1afd96098985d32b78a6c1eae5ef15bb8d2bc32e6c490cd5c7c2dcd
2025-10-20 18:01:04 [main] INFO  BadgeVerifier - L'email inserita corrisponde al destinatario del badge.
2025-10-20 18:01:04 [main] INFO  BadgeVerifier - Verifica completata. Programma terminato correttamente.
2025-10-20 18:03:47 [main] INFO  BadgeVerifier - Inizio verifica badge
2025-10-20 18:03:48 [main] INFO  BadgeVerifier - Hash calcolato localmente: 0xc1a706f6d03f3c3e39baacdde329117577434166bc48150789e9b3b01947f943
2025-10-20 18:03:48 [main] INFO  BadgeVerifier - Connesso alla rete: Sepolia (public node)
2025-10-20 18:03:48 [main] INFO  BadgeVerifier - Dato on-chain: 0xc1a706f6d03f3c3e39baacdde329117577434166bc48150789e9b3b01947f943
2025-10-20 18:03:48 [main] INFO  BadgeVerifier - Il badge è valido! Il file corrisponde alla registrazione on-chain.
2025-10-20 18:03:48 [main] INFO  BadgeVerifier - Attesa input utente per email da verificare
2025-10-20 18:03:57 [main] INFO  BadgeVerifier - Hash email calcolato: 8f4589acf1afd96098985d32b78a6c1eae5ef15bb8d2bc32e6c490cd5c7c2dcd
2025-10-20 18:03:57 [main] INFO  BadgeVerifier - Hash atteso dal badge: 8f4589acf1afd96098985d32b78a6c1eae5ef15bb8d2bc32e6c490cd5c7c2dcd
2025-10-20 18:03:57 [main] INFO  BadgeVerifier - L'email inserita corrisponde al destinatario del badge.
2025-10-21 09:55:58 [main] INFO  BadgeVerifier - Inizio verifica badge
2025-10-21 09:55:59 [main] INFO  BadgeVerifier - Hash calcolato localmente: 0xc1a706f6d03f3c3e39baacdde329117577434166bc48150789e9b3b01947f943
2025-10-21 09:55:59 [main] INFO  BadgeVerifier - Connesso alla rete: Sepolia (public node)
2025-10-21 09:56:00 [main] INFO  BadgeVerifier - Dato on-chain: 0xc1a706f6d03f3c3e39baacdde329117577434166bc48150789e9b3b01947f943
2025-10-21 09:56:00 [main] INFO  BadgeVerifier - Il badge è valido! Il file corrisponde alla registrazione on-chain.
2025-10-21 09:56:00 [main] INFO  BadgeVerifier - Attesa input utente per email da verificare
2025-10-21 10:03:41 [main] INFO  BadgeVerifier - Hash email calcolato: e846731761ccd534fd8fc39899b53506debdfbeb1730a1233a4ce74f53f5aa50
2025-10-21 10:03:41 [main] INFO  BadgeVerifier - Hash atteso dal badge: 8f4589acf1afd96098985d32b78a6c1eae5ef15bb8d2bc32e6c490cd5c7c2dcd
2025-10-21 10:03:41 [main] WARN  BadgeVerifier - L'email NON corrisponde al destinatario del badge.
2025-10-21 12:50:23 [main] INFO  BadgeVerifier - Inizio verifica badge
2025-10-21 12:50:24 [main] INFO  BadgeVerifier - Hash calcolato localmente: 0xc1a706f6d03f3c3e39baacdde329117577434166bc48150789e9b3b01947f943
2025-10-21 12:50:24 [main] INFO  BadgeVerifier - Connesso alla rete: Sepolia (public node)
2025-10-21 12:50:25 [main] INFO  BadgeVerifier - Dato on-chain: 0xc1a706f6d03f3c3e39baacdde329117577434166bc48150789e9b3b01947f943
2025-10-21 12:50:25 [main] INFO  BadgeVerifier - Il badge è valido! Il file corrisponde alla registrazione on-chain.
2025-10-21 12:50:25 [main] INFO  BadgeVerifier - Attesa input utente per email da verificare
2025-10-21 12:50:34 [main] INFO  BadgeVerifier - Hash email calcolato: 8f4589acf1afd96098985d32b78a6c1eae5ef15bb8d2bc32e6c490cd5c7c2dcd
2025-10-21 12:50:34 [main] INFO  BadgeVerifier - Hash atteso dal badge: 8f4589acf1afd96098985d32b78a6c1eae5ef15bb8d2bc32e6c490cd5c7c2dcd
2025-10-21 12:50:34 [main] INFO  BadgeVerifier - L'email inserita corrisponde al destinatario del badge.
2025-10-21 14:34:09 [main] WARN  AmbEthereumClientTest - Parametro 'aws_peer' non impostato — uso endpoint pubblico Sepolia.
2025-10-21 14:34:09 [main] INFO  AmbEthereumClientTest - Connesso al nodo Ethereum: https://ethereum-sepolia-rpc.publicnode.com
2025-10-21 14:34:10 [main] INFO  AmbEthereumClientTest - Chain ID rilevato: 11155111
2025-10-21 14:34:10 [main] INFO  AmbEthereumClientTest - Account mittente: 0x41a7949d7f7fe6b1fa3271e4325cdce7de5fd07a
2025-10-21 14:34:11 [main] INFO  AmbEthereumClientTest - Saldo in Wei: 219990910789108800
2025-10-21 14:34:11 [main] INFO  AmbEthereumClientTest - Calcolo hash SHA-256 del file badge...
2025-10-21 14:34:11 [main] INFO  AmbEthereumClientTest - Hash calcolato: 0xc1a706f6d03f3c3e39baacdde329117577434166bc48150789e9b3b01947f943
2025-10-21 14:34:11 [main] INFO  AmbEthereumClientTest - Nonce attuale: 5
2025-10-21 14:34:11 [main] INFO  AmbEthereumClientTest - Gas price: 1000000
2025-10-21 14:34:11 [main] INFO  AmbEthereumClientTest - Gas limit finale: 32615
2025-10-21 14:34:11 [main] INFO  AmbEthereumClientTest - ✅ Transazione inviata con successo!
2025-10-21 14:34:11 [main] INFO  AmbEthereumClientTest - 🔗 Hash transazione: 0xde4d3233b7159b243a3c85bd24bf15d0a2de4376bed894873c6abf2f208b393f
2025-10-21 14:34:11 [main] INFO  AmbEthereumClientTest - Attesa della receipt... (1/60)
2025-10-21 14:34:16 [main] INFO  AmbEthereumClientTest - Attesa della receipt... (2/60)
2025-10-21 14:34:21 [main] INFO  AmbEthereumClientTest - Attesa della receipt... (3/60)
2025-10-21 14:34:26 [main] INFO  AmbEthereumClientTest - Receipt trovata al tentativo 4/60
2025-10-21 14:34:26 [main] INFO  AmbEthereumClientTest - ✅ Receipt ricevuta: block=9458980, gasUsed=22280
2025-10-21 14:34:26 [main] INFO  AmbEthereumClientTest - 📦 Receipt ricevuta:
2025-10-21 14:34:26 [main] INFO  AmbEthereumClientTest - Block #: 9458980
2025-10-21 14:34:26 [main] INFO  AmbEthereumClientTest - Status  : 0x1
2025-10-21 14:34:26 [main] INFO  AmbEthereumClientTest - Gas usato: 22280
2025-10-21 14:34:26 [main] INFO  AmbEthereumClientTest - 🔗 Etherscan: https://sepolia.etherscan.io/tx/0xde4d3233b7159b243a3c85bd24bf15d0a2de4376bed894873c6abf2f208b393f
2025-10-21 14:37:59 [main] INFO  BadgeVerifier - Inizio verifica badge
2025-10-21 14:38:00 [main] INFO  BadgeVerifier - Hash calcolato localmente: 0xc1a706f6d03f3c3e39baacdde329117577434166bc48150789e9b3b01947f943
2025-10-21 14:38:00 [main] INFO  BadgeVerifier - Connesso alla rete: Sepolia (public node)
2025-10-21 14:38:01 [main] INFO  BadgeVerifier - Dato on-chain: 0xc1a706f6d03f3c3e39baacdde329117577434166bc48150789e9b3b01947f943
2025-10-21 14:38:01 [main] INFO  BadgeVerifier - Il badge è valido! Il file corrisponde alla registrazione on-chain.
2025-10-21 14:38:01 [main] INFO  BadgeVerifier - Attesa input utente per email da verificare
2025-10-21 14:38:03 [main] INFO  BadgeVerifier - Hash email calcolato: eae93b9e3dc397af27e93958786f900e1014218f80d68cd277c15fadd3178d0c
2025-10-21 14:38:03 [main] INFO  BadgeVerifier - Hash atteso dal badge: 8f4589acf1afd96098985d32b78a6c1eae5ef15bb8d2bc32e6c490cd5c7c2dcd
2025-10-21 14:38:03 [main] WARN  BadgeVerifier - L'email NON corrisponde al destinatario del badge.
2025-10-21 14:38:19 [main] INFO  BadgeVerifier - Inizio verifica badge
2025-10-21 14:38:20 [main] INFO  BadgeVerifier - Hash calcolato localmente: 0xc1a706f6d03f3c3e39baacdde329117577434166bc48150789e9b3b01947f943
2025-10-21 14:38:20 [main] INFO  BadgeVerifier - Connesso alla rete: Sepolia (public node)
2025-10-21 14:38:20 [main] INFO  BadgeVerifier - Dato on-chain: 0xc1a706f6d03f3c3e39baacdde329117577434166bc48150789e9b3b01947f943
2025-10-21 14:38:20 [main] INFO  BadgeVerifier - Il badge è valido! Il file corrisponde alla registrazione on-chain.
2025-10-21 14:38:20 [main] INFO  BadgeVerifier - Attesa input utente per email da verificare
2025-10-21 14:38:28 [main] INFO  BadgeVerifier - Hash email calcolato: 8f4589acf1afd96098985d32b78a6c1eae5ef15bb8d2bc32e6c490cd5c7c2dcd
2025-10-21 14:38:28 [main] INFO  BadgeVerifier - Hash atteso dal badge: 8f4589acf1afd96098985d32b78a6c1eae5ef15bb8d2bc32e6c490cd5c7c2dcd
2025-10-21 14:38:28 [main] INFO  BadgeVerifier - L'email inserita corrisponde al destinatario del badge.
2025-10-30 11:37:04 [main] INFO  BadgeVerifier - Inizio verifica badge
2025-10-30 11:37:05 [main] INFO  BadgeVerifier - Hash calcolato localmente: 0x1965c3719f33b0fe28991f4d7dbf9c2c218f87d0656382d120a0708ce88809bf
2025-10-30 11:37:06 [main] INFO  BadgeVerifier - Connesso alla rete: Sepolia (public node)
2025-10-30 11:37:06 [main] INFO  BadgeVerifier - Dato on-chain: 0x1965c3719f33b0fe28991f4d7dbf9c2c218f87d0656382d120a0708ce88809bf
2025-10-30 11:37:06 [main] INFO  BadgeVerifier - Il badge è valido! Il file corrisponde alla registrazione on-chain.
2025-10-30 11:37:06 [main] INFO  BadgeVerifier - Attesa input utente per email da verificare
2025-10-30 11:37:17 [main] INFO  BadgeVerifier - Hash email calcolato: e57cbec532501d760ed9d6f9acb31f76ecc95fe376647e78b8cca1862847d413
2025-10-30 11:37:17 [main] INFO  BadgeVerifier - Hash atteso dal badge: e57cbec532501d760ed9d6f9acb31f76ecc95fe376647e78b8cca1862847d413
2025-10-30 11:37:17 [main] INFO  BadgeVerifier - L'email inserita corrisponde al destinatario del badge.
